<?xml version="1.0" encoding="UTF-8"?>
<!-- Generated by org.testng.reporters.JUnitXMLReporter -->
<testsuite ignored="0" hostname="LIN-5CD5329NYL" failures="2" tests="2" name="Test1" time="6.631" errors="0" timestamp="2025-10-17T17:49:00 IST">
  <testcase classname="Oct_17.App" name="logintc1" time="2.735">
    <failure type="java.lang.AssertionError" message="expected [bbb] but found [aaa]">
      <![CDATA[java.lang.AssertionError: expected [bbb] but found [aaa]
at Oct_17.App.logintc1(App.java:30)
at java.base/java.util.ArrayList.forEach(ArrayList.java:1596)
... Removed 31 stack frames]]>
    </failure>
  </testcase> <!-- logintc1 -->
  <testcase classname="Oct_17.App" name="tearDown" time="0.0">
    <failure type="org.testng.TestNGException" message="
Cannot inject @Test annotated Method [tearDown] with [interface org.testng.ITestResult].
For more information on native dependency injection please refer to https://testng.org/#_dependency_injection">
      <![CDATA[org.testng.TestNGException: 
For more information on native dependency injection please refer to https://testng.org/#_dependency_injection
at java.base/java.util.ArrayList.forEach(ArrayList.java:1596)
... Removed 27 stack frames]]>
    </failure>
  </testcase> <!-- tearDown -->
</testsuite> <!-- Test1 -->
