<?xml version="1.0" encoding="UTF-8"?>
<!-- Generated by org.testng.reporters.JUnitXMLReporter -->
<testsuite ignored="0" hostname="LIN-5CD5329NYL" failures="0" tests="3" name="Test" time="0.118" errors="0" timestamp="2025-10-17T18:04:39 IST">
  <testcase classname="Oct_17.LoginTest" name="@BeforeClass launch" time="-1.760704479111E9">
    <failure type="org.testng.TestNGException" message="
Parameter &amp;apos;browser&amp;apos; is required by BeforeClass on method launch but has not been marked @Optional or defined
in C:\Users\cnagahar\eclipse-workspace\Hdfc\src\test\java\Oct_17\login.xml">
      <![CDATA[org.testng.TestNGException: 
Parameter 'browser' is required by BeforeClass on method launch but has not been marked @Optional or defined
in C:\Users\cnagahar\eclipse-workspace\Hdfc\src\test\java\Oct_17\login.xml
at java.base/java.util.ArrayList.forEach(ArrayList.java:1596)
... Removed 22 stack frames]]>
    </failure>
  </testcase> <!-- @BeforeClass launch -->
  <testcase classname="Oct_17.LoginTest" name="logintc1" time="0.0">
    <skipped/>
  </testcase> <!-- logintc1 -->
  <testcase classname="Oct_17.LoginTest" name="logintc1" time="0.0">
    <skipped/>
  </testcase> <!-- logintc1 -->
  <testcase classname="Oct_17.LoginTest" name="logintc1" time="0.0">
    <skipped/>
  </testcase> <!-- logintc1 -->
</testsuite> <!-- Test -->
